<?xml version="1.0" encoding="UTF-8" ?>
<testsuite failures="0" time="0.028" errors="0" skipped="0" tests="58" name="com.reclabs.recomendar.common.helpers.types.TestStringHelper">
  <properties>
[...]
</properties>
  <testcase time="0" classname="com.reclabs.recomendar.common.helpers.types.TestStringHelper" name="limitTest"/>
  <testcase time="0" classname="com.reclabs.recomendar.common.helpers.types.TestStringHelper" name="startWith"/>
  <testcase time="0" classname="com.reclabs.recomendar.common.helpers.types.TestStringHelper" name="isAnyEmptyTest"/>
  <testcase time="0" classname="com.reclabs.recomendar.common.helpers.types.TestStringHelper" name="isAnyEmptyWithNullValues"/>
  <testcase time="0" classname="com.reclabs.recomendar.common.helpers.types.TestStringHelper" name="getSubstringFromTest"/>
  <testcase time="0" classname="com.reclabs.recomendar.common.helpers.types.TestStringHelper" name="replaceTokenTest"/>
  <testcase time="0" classname="com.reclabs.recomendar.common.helpers.types.TestStringHelper" name="removeLeftZerosTest"/>
  <testcase time="0" classname="com.reclabs.recomendar.common.helpers.types.TestStringHelper" name="lastIndexOfTest"/>
  <testcase time="0.001" classname="com.reclabs.recomendar.common.helpers.types.TestStringHelper" name="lastIndexOfNullValuesTest"/>
  <testcase time="0" classname="com.reclabs.recomendar.common.helpers.types.TestStringHelper" name="replaceLastTest"/>
  <testcase time="0" classname="com.reclabs.recomendar.common.helpers.types.TestStringHelper" name="limitNullValueTest"/>
  <testcase time="0" classname="com.reclabs.recomendar.common.helpers.types.TestStringHelper" name="toLowerCaseTest"/>
  <testcase time="0" classname="com.reclabs.recomendar.common.helpers.types.TestStringHelper" name="extractWithNullMainString"/>
  <testcase time="0" classname="com.reclabs.recomendar.common.helpers.types.TestStringHelper" name="extractWithEmptyMainString"/>
  <testcase time="0" classname="com.reclabs.recomendar.common.helpers.types.TestStringHelper" name="extractWithNullDiff"/>
  <testcase time="0" classname="com.reclabs.recomendar.common.helpers.types.TestStringHelper" name="extractWithEmptyDiff"/>
  <testcase time="0" classname="com.reclabs.recomendar.common.helpers.types.TestStringHelper" name="isAnyEqualsNullCompareString"/>
  <testcase time="0" classname="com.reclabs.recomendar.common.helpers.types.TestStringHelper" name="isAnyEqualsNullValues"/>
  <testcase time="0.001" classname="com.reclabs.recomendar.common.helpers.types.TestStringHelper" name="isAnyEqualsSimpleData"/>
  <testcase time="0.013" classname="com.reclabs.recomendar.common.helpers.types.TestStringHelper" name="isAnyEqualsFalseResult"/>
  <testcase time="0" classname="com.reclabs.recomendar.common.helpers.types.TestStringHelper" name="isPalindromeTest"/>
  <testcase time="0" classname="com.reclabs.recomendar.common.helpers.types.TestStringHelper" name="toBooleanWithNullParameter"/>
  <testcase time="0" classname="com.reclabs.recomendar.common.helpers.types.TestStringHelper" name="toBooleanWithEmptyParameter"/>
  <testcase time="0" classname="com.reclabs.recomendar.common.helpers.types.TestStringHelper" name="toBooleanWithFalseValues"/>
  <testcase time="0" classname="com.reclabs.recomendar.common.helpers.types.TestStringHelper" name="toBooleanWithTrueValues"/>
  <testcase time="0" classname="com.reclabs.recomendar.common.helpers.types.TestStringHelper" name="containsAnyWithSimpleData"/>
  <testcase time="0" classname="com.reclabs.recomendar.common.helpers.types.TestStringHelper" name="containsWithSimpleData"/>
  <testcase time="0" classname="com.reclabs.recomendar.common.helpers.types.TestStringHelper" name="containsWithEmptySource"/>
  <testcase time="0" classname="com.reclabs.recomendar.common.helpers.types.TestStringHelper" name="containsWithNullSource"/>
  <testcase time="0" classname="com.reclabs.recomendar.common.helpers.types.TestStringHelper" name="containsWithNullParameter"/>
  <testcase time="0" classname="com.reclabs.recomendar.common.helpers.types.TestStringHelper" name="containsWithEmptyParameter"/>
  <testcase time="0" classname="com.reclabs.recomendar.common.helpers.types.TestStringHelper" name="equalsWithNormalData"/>
  <testcase time="0" classname="com.reclabs.recomendar.common.helpers.types.TestStringHelper" name="equalsWithEmptyValue"/>
  <testcase time="0" classname="com.reclabs.recomendar.common.helpers.types.TestStringHelper" name="equalsWithNullValue"/>
  <testcase time="0" classname="com.reclabs.recomendar.common.helpers.types.TestStringHelper" name="equalsWithCaseSensitive"/>
  <testcase time="0" classname="com.reclabs.recomendar.common.helpers.types.TestStringHelper" name="firstLetterToLowerCaseWithNoModifiedNecessaryWord"/>
  <testcase time="0" classname="com.reclabs.recomendar.common.helpers.types.TestStringHelper" name="extractNullWordsWithVariableSpaceSeparatorTest"/>
  <testcase time="0" classname="com.reclabs.recomendar.common.helpers.types.TestStringHelper" name="containsAnyWithSimpleDataWithNullSourceString"/>
  <testcase time="0" classname="com.reclabs.recomendar.common.helpers.types.TestStringHelper" name="containsAnyWithSimpleDataWithEmptySourceString"/>
  <testcase time="0" classname="com.reclabs.recomendar.common.helpers.types.TestStringHelper" name="extractWordsSpaceSeparatorTest"/>
  <testcase time="0" classname="com.reclabs.recomendar.common.helpers.types.TestStringHelper" name="extractWordsWithVariableSpaceSeparatorTest"/>
  <testcase time="0" classname="com.reclabs.recomendar.common.helpers.types.TestStringHelper" name="lastIndexOfNullSearchValueTest"/>
  <testcase time="0" classname="com.reclabs.recomendar.common.helpers.types.TestStringHelper" name="extractWithNotContainsDiffOnMainString"/>
  <testcase time="0" classname="com.reclabs.recomendar.common.helpers.types.TestStringHelper" name="extractWithContainsDiffOnMainString"/>
  <testcase time="0" classname="com.reclabs.recomendar.common.helpers.types.TestStringHelper" name="extractWithContainsMultipleDiffOnMainString"/>
  <testcase time="0" classname="com.reclabs.recomendar.common.helpers.types.TestStringHelper" name="isAnyEqualsNullBothParameters"/>
  <testcase time="0" classname="com.reclabs.recomendar.common.helpers.types.TestStringHelper" name="isAnyEqualsSimpleDataIgnoreCaseSensitive"/>
  <testcase time="0" classname="com.reclabs.recomendar.common.helpers.types.TestStringHelper" name="firstLetterToLowerCaseWithNullWord"/>
  <testcase time="0" classname="com.reclabs.recomendar.common.helpers.types.TestStringHelper" name="firstLetterToLowerCaseWithEmptyWord"/>
  <testcase time="0" classname="com.reclabs.recomendar.common.helpers.types.TestStringHelper" name="firstLetterToLowerCaseWithNormalWord"/>
  <testcase time="0" classname="com.reclabs.recomendar.common.helpers.types.TestStringHelper" name="firstLetterToLowerCaseWithSentence"/>
  <testcase time="0" classname="com.reclabs.recomendar.common.helpers.types.TestStringHelper" name="toBooleanWithEmptyParameterValue2"/>
  <testcase time="0" classname="com.reclabs.recomendar.common.helpers.types.TestStringHelper" name="containsAnyWithSimpleDataWithCaseSensitive"/>
  <testcase time="0" classname="com.reclabs.recomendar.common.helpers.types.TestStringHelper" name="containsAnyWithSimpleDataWithNullParameters"/>
  <testcase time="0" classname="com.reclabs.recomendar.common.helpers.types.TestStringHelper" name="containsWithEmptyParameterTrueResult"/>
  <testcase time="0" classname="com.reclabs.recomendar.common.helpers.types.TestStringHelper" name="containsWithEmptyParameterFalseResult"/>
  <testcase time="0" classname="com.reclabs.recomendar.common.helpers.types.TestStringHelper" name="containsWithSimpleDataFalseResult"/>
  <testcase time="0" classname="com.reclabs.recomendar.common.helpers.types.TestStringHelper" name="equalsWithCaseSensitiveAndNull"/>
</testsuite>