<?xml version="1.0" encoding="UTF-8" ?>
<testsuite failures="0" time="2.086" errors="0" skipped="0" tests="33" name="com.reclabs.recomendar.core.services.RecommendationServiceImplTest">
  <properties>
[...]
</properties>
  <testcase time="0.338" classname="com.reclabs.recomendar.core.services.RecommendationServiceImplTest" name="findItemsIdByRecommendationUserWithEmptyUserId"/>
  <testcase time="0" classname="com.reclabs.recomendar.core.services.RecommendationServiceImplTest" name="findItemsIdByRecommendationUserWithNullUserId"/>
  <testcase time="0.063" classname="com.reclabs.recomendar.core.services.RecommendationServiceImplTest" name="removeRecommendationByUserIdAndItemIdWithNullRecommendation"/>
  <testcase time="0" classname="com.reclabs.recomendar.core.services.RecommendationServiceImplTest" name="removeRecommendationByUserIdAndItemIdWithEmptyItemId"/>
  <testcase time="0" classname="com.reclabs.recomendar.core.services.RecommendationServiceImplTest" name="removeRecommendationByUserIdAndItemIdWithNullItemId"/>
  <testcase time="0" classname="com.reclabs.recomendar.core.services.RecommendationServiceImplTest" name="removeRecommendationByUserIdAndItemIdWithEmptyUserId"/>
  <testcase time="0" classname="com.reclabs.recomendar.core.services.RecommendationServiceImplTest" name="removeRecommendationByUserIdAndItemIdWithNullUserId"/>
  <testcase time="0" classname="com.reclabs.recomendar.core.services.RecommendationServiceImplTest" name="userCanBeRecommendItemWithSomeRecommendations"/>
  <testcase time="0.255" classname="com.reclabs.recomendar.core.services.RecommendationServiceImplTest" name="recommendItemWithCheckingReduceRecommendations"/>
  <testcase time="0.003" classname="com.reclabs.recomendar.core.services.RecommendationServiceImplTest" name="userCanBeRecommendItemWithoutPendingRecommendationsAndSandboxAdminRole"/>
  <testcase time="0" classname="com.reclabs.recomendar.core.services.RecommendationServiceImplTest" name="userCanBeRecommendItemWithPendingRecommendationsAndSandboxAdminRole"/>
  <testcase time="0.018" classname="com.reclabs.recomendar.core.services.RecommendationServiceImplTest" name="userCanBeRecommendItemWithoutPendingRecommendationsAndNoSandboxAdminRole"/>
  <testcase time="0.009" classname="com.reclabs.recomendar.core.services.RecommendationServiceImplTest" name="removeRecommendationByUserIdAndItemIdCheckingDecrementRecommendation"/>
  <testcase time="0.005" classname="com.reclabs.recomendar.core.services.RecommendationServiceImplTest" name="isRecommendedByUserIdWithNullItemId"/>
  <testcase time="0.005" classname="com.reclabs.recomendar.core.services.RecommendationServiceImplTest" name="isRecommendedByUserIdWithEmptyUserId"/>
  <testcase time="0.006" classname="com.reclabs.recomendar.core.services.RecommendationServiceImplTest" name="isRecommendedByUserIdWithNullUserId"/>
  <testcase time="0.005" classname="com.reclabs.recomendar.core.services.RecommendationServiceImplTest" name="findItemsByRecommendationUserWithEmptyUserId"/>
  <testcase time="0.005" classname="com.reclabs.recomendar.core.services.RecommendationServiceImplTest" name="findItemsByRecommendationUserWithNullUserId"/>
  <testcase time="0.008" classname="com.reclabs.recomendar.core.services.RecommendationServiceImplTest" name="userCanBeRecommendItemWithoutRecommendations"/>
  <testcase time="0.011" classname="com.reclabs.recomendar.core.services.RecommendationServiceImplTest" name="userCanBeRecommendItemWithNullUserId"/>
  <testcase time="0" classname="com.reclabs.recomendar.core.services.RecommendationServiceImplTest" name="userCanBeRecommendItemWithEmptyUserId"/>
  <testcase time="0.022" classname="com.reclabs.recomendar.core.services.RecommendationServiceImplTest" name="recommendItemWhenUserNotHaveRecommendations"/>
  <testcase time="0.006" classname="com.reclabs.recomendar.core.services.RecommendationServiceImplTest" name="recommendItemWithOldRecommendation"/>
  <testcase time="0.005" classname="com.reclabs.recomendar.core.services.RecommendationServiceImplTest" name="isRecommendedByUserIdWithEmptyItemId"/>
  <testcase time="0.006" classname="com.reclabs.recomendar.core.services.RecommendationServiceImplTest" name="isRecommendedByUserIdWhenResultIsFalse"/>
  <testcase time="0.007" classname="com.reclabs.recomendar.core.services.RecommendationServiceImplTest" name="isRecommendedByUserIdWhenResultIsTrue"/>
  <testcase time="0.006" classname="com.reclabs.recomendar.core.services.RecommendationServiceImplTest" name="deleteItemByItemIdWithNullItemId"/>
  <testcase time="0.004" classname="com.reclabs.recomendar.core.services.RecommendationServiceImplTest" name="deleteItemByItemIdWithEmptyItemId"/>
  <testcase time="0.022" classname="com.reclabs.recomendar.core.services.RecommendationServiceImplTest" name="recommendItemWithSocialUsers"/>
  <testcase time="0.004" classname="com.reclabs.recomendar.core.services.RecommendationServiceImplTest" name="recommendItemWithNullItemId"/>
  <testcase time="0.004" classname="com.reclabs.recomendar.core.services.RecommendationServiceImplTest" name="recommendItemWithEmptyItemId"/>
  <testcase time="0.004" classname="com.reclabs.recomendar.core.services.RecommendationServiceImplTest" name="recommendItemWithNullUserId"/>
  <testcase time="0.004" classname="com.reclabs.recomendar.core.services.RecommendationServiceImplTest" name="recommendItemWithEmptyUserId"/>
</testsuite>